13248 : 2025-05-05 14:20:46,956 : INFO : telemetry.main : Attempt start. Configuration directory [C:\Users\shrey\.azure]. Cache directory [C:\Users\shrey\.azure\telemetry\20250505142046377].
13248 : 2025-05-05 14:20:46,956 : INFO : telemetry.records : 1 cache files to upload.
13248 : 2025-05-05 14:20:46,971 : INFO : telemetry.records : Processed file C:\Users\shrey\.azure\telemetry\20250505142046377\cache into 1 records.
13248 : 2025-05-05 14:20:46,971 : INFO : telemetry.records : Remove directory C:\Users\shrey\.azure\telemetry\20250505142046377
13248 : 2025-05-05 14:20:47,092 : INFO : telemetry.client : Accumulated 1 events. Flush the clients.
13248 : 2025-05-05 14:20:47,095 : INFO : telemetry.client : Flush client c4395b75-49cc-422c-bc95-c7d51aef5d46.
13248 : 2025-05-05 14:20:48,265 : INFO : telemetry.sender : Sending 4640 bytes
13248 : 2025-05-05 14:20:48,265 : INFO : telemetry.sender : Finish uploading in 1.170284 seconds.
16280 : 2025-05-05 14:21:08,234 : INFO : telemetry.main : Attempt start. Configuration directory [C:\Users\shrey\.azure]. Cache directory [C:\Users\shrey\.azure\telemetry\20250505142107767].
16280 : 2025-05-05 14:21:08,234 : INFO : telemetry.records : 1 cache files to upload.
16280 : 2025-05-05 14:21:08,276 : INFO : telemetry.records : Processed file C:\Users\shrey\.azure\telemetry\20250505142107767\cache into 1 records.
16280 : 2025-05-05 14:21:08,276 : INFO : telemetry.records : Remove directory C:\Users\shrey\.azure\telemetry\20250505142107767
16280 : 2025-05-05 14:21:08,407 : INFO : telemetry.client : Accumulated 1 events. Flush the clients.
16280 : 2025-05-05 14:21:08,407 : INFO : telemetry.client : Flush client c4395b75-49cc-422c-bc95-c7d51aef5d46.
16280 : 2025-05-05 14:21:09,480 : INFO : telemetry.sender : Sending 4418 bytes
16280 : 2025-05-05 14:21:09,480 : INFO : telemetry.sender : Finish uploading in 1.073498 seconds.
2468 : 2025-05-05 14:22:39,577 : INFO : telemetry.main : Attempt start. Configuration directory [C:\Users\shrey\.azure]. Cache directory [C:\Users\shrey\.azure\telemetry\20250505142239160].
2468 : 2025-05-05 14:22:39,577 : INFO : telemetry.records : 1 cache files to upload.
2468 : 2025-05-05 14:22:39,603 : INFO : telemetry.records : Processed file C:\Users\shrey\.azure\telemetry\20250505142239160\cache into 1 records.
2468 : 2025-05-05 14:22:39,603 : INFO : telemetry.records : Remove directory C:\Users\shrey\.azure\telemetry\20250505142239160
2468 : 2025-05-05 14:22:39,717 : INFO : telemetry.client : Accumulated 1 events. Flush the clients.
2468 : 2025-05-05 14:22:39,717 : INFO : telemetry.client : Flush client c4395b75-49cc-422c-bc95-c7d51aef5d46.
2468 : 2025-05-05 14:22:40,819 : INFO : telemetry.sender : Sending 4144 bytes
2468 : 2025-05-05 14:22:40,819 : INFO : telemetry.sender : Finish uploading in 1.101313 seconds.
13696 : 2025-05-05 14:23:02,310 : INFO : telemetry.main : Attempt start. Configuration directory [C:\Users\shrey\.azure]. Cache directory [C:\Users\shrey\.azure\telemetry\20250505142302072].
13696 : 2025-05-05 14:23:02,310 : INFO : telemetry.records : 1 cache files to upload.
13696 : 2025-05-05 14:23:02,320 : INFO : telemetry.records : Processed file C:\Users\shrey\.azure\telemetry\20250505142302072\cache into 1 records.
13696 : 2025-05-05 14:23:02,321 : INFO : telemetry.records : Remove directory C:\Users\shrey\.azure\telemetry\20250505142302072
13696 : 2025-05-05 14:23:02,406 : INFO : telemetry.client : Accumulated 1 events. Flush the clients.
13696 : 2025-05-05 14:23:02,406 : INFO : telemetry.client : Flush client c4395b75-49cc-422c-bc95-c7d51aef5d46.
13696 : 2025-05-05 14:23:03,483 : INFO : telemetry.sender : Sending 4999 bytes
13696 : 2025-05-05 14:23:03,483 : INFO : telemetry.sender : Finish uploading in 1.077080 seconds.
11668 : 2025-05-05 14:24:07,802 : INFO : telemetry.main : Attempt start. Configuration directory [C:\Users\shrey\.azure]. Cache directory [C:\Users\shrey\.azure\telemetry\20250505142407377].
11668 : 2025-05-05 14:24:07,807 : INFO : telemetry.records : 1 cache files to upload.
11668 : 2025-05-05 14:24:07,823 : INFO : telemetry.records : Processed file C:\Users\shrey\.azure\telemetry\20250505142407377\cache into 1 records.
11668 : 2025-05-05 14:24:07,823 : INFO : telemetry.records : Remove directory C:\Users\shrey\.azure\telemetry\20250505142407377
11668 : 2025-05-05 14:24:07,923 : INFO : telemetry.client : Accumulated 1 events. Flush the clients.
11668 : 2025-05-05 14:24:07,923 : INFO : telemetry.client : Flush client c4395b75-49cc-422c-bc95-c7d51aef5d46.
11668 : 2025-05-05 14:24:09,066 : INFO : telemetry.sender : Sending 4148 bytes
11668 : 2025-05-05 14:24:09,066 : INFO : telemetry.sender : Finish uploading in 1.143416 seconds.
16352 : 2025-05-05 14:25:33,254 : INFO : telemetry.main : Attempt start. Configuration directory [C:\Users\shrey\.azure]. Cache directory [C:\Users\shrey\.azure\telemetry\20250505142532823].
16352 : 2025-05-05 14:25:33,254 : INFO : telemetry.records : 1 cache files to upload.
16352 : 2025-05-05 14:25:33,286 : INFO : telemetry.records : Processed file C:\Users\shrey\.azure\telemetry\20250505142532823\cache into 1 records.
16352 : 2025-05-05 14:25:33,287 : INFO : telemetry.records : Remove directory C:\Users\shrey\.azure\telemetry\20250505142532823
16352 : 2025-05-05 14:25:33,404 : INFO : telemetry.client : Accumulated 1 events. Flush the clients.
16352 : 2025-05-05 14:25:33,404 : INFO : telemetry.client : Flush client c4395b75-49cc-422c-bc95-c7d51aef5d46.
16352 : 2025-05-05 14:25:34,539 : INFO : telemetry.sender : Sending 4148 bytes
16352 : 2025-05-05 14:25:34,539 : INFO : telemetry.sender : Finish uploading in 1.135412 seconds.
20028 : 2025-05-05 14:26:01,610 : INFO : telemetry.main : Attempt start. Configuration directory [C:\Users\shrey\.azure]. Cache directory [C:\Users\shrey\.azure\telemetry\20250505142601157].
20028 : 2025-05-05 14:26:01,612 : INFO : telemetry.records : 1 cache files to upload.
20028 : 2025-05-05 14:26:01,637 : INFO : telemetry.records : Processed file C:\Users\shrey\.azure\telemetry\20250505142601157\cache into 1 records.
20028 : 2025-05-05 14:26:01,637 : INFO : telemetry.records : Remove directory C:\Users\shrey\.azure\telemetry\20250505142601157
20028 : 2025-05-05 14:26:01,772 : INFO : telemetry.client : Accumulated 1 events. Flush the clients.
20028 : 2025-05-05 14:26:01,772 : INFO : telemetry.client : Flush client c4395b75-49cc-422c-bc95-c7d51aef5d46.
20028 : 2025-05-05 14:26:02,862 : INFO : telemetry.sender : Sending 4341 bytes
20028 : 2025-05-05 14:26:02,862 : INFO : telemetry.sender : Finish uploading in 1.076704 seconds.
17268 : 2025-05-05 14:29:07,720 : INFO : telemetry.main : Attempt start. Configuration directory [C:\Users\shrey\.azure]. Cache directory [C:\Users\shrey\.azure\telemetry\20250505142907092].
17268 : 2025-05-05 14:29:07,720 : INFO : telemetry.records : 1 cache files to upload.
17268 : 2025-05-05 14:29:07,750 : INFO : telemetry.records : Processed file C:\Users\shrey\.azure\telemetry\20250505142907092\cache into 1 records.
17268 : 2025-05-05 14:29:07,752 : INFO : telemetry.records : Remove directory C:\Users\shrey\.azure\telemetry\20250505142907092
17268 : 2025-05-05 14:29:07,853 : INFO : telemetry.client : Accumulated 1 events. Flush the clients.
17268 : 2025-05-05 14:29:07,853 : INFO : telemetry.client : Flush client c4395b75-49cc-422c-bc95-c7d51aef5d46.
17268 : 2025-05-05 14:29:08,902 : INFO : telemetry.sender : Sending 4443 bytes
17268 : 2025-05-05 14:29:08,902 : INFO : telemetry.sender : Finish uploading in 1.048444 seconds.
13384 : 2025-05-05 14:31:05,437 : INFO : telemetry.main : Attempt start. Configuration directory [C:\Users\shrey\.azure]. Cache directory [C:\Users\shrey\.azure\telemetry\20250505143104886].
13384 : 2025-05-05 14:31:05,438 : INFO : telemetry.records : 1 cache files to upload.
13384 : 2025-05-05 14:31:05,453 : INFO : telemetry.records : Processed file C:\Users\shrey\.azure\telemetry\20250505143104886\cache into 1 records.
13384 : 2025-05-05 14:31:05,453 : INFO : telemetry.records : Remove directory C:\Users\shrey\.azure\telemetry\20250505143104886
13384 : 2025-05-05 14:31:05,586 : INFO : telemetry.client : Accumulated 1 events. Flush the clients.
13384 : 2025-05-05 14:31:05,586 : INFO : telemetry.client : Flush client c4395b75-49cc-422c-bc95-c7d51aef5d46.
13384 : 2025-05-05 14:31:06,593 : INFO : telemetry.sender : Sending 4340 bytes
13384 : 2025-05-05 14:31:06,593 : INFO : telemetry.sender : Finish uploading in 1.006507 seconds.
2480 : 2025-05-05 14:31:50,700 : INFO : telemetry.main : Attempt start. Configuration directory [C:\Users\shrey\.azure]. Cache directory [C:\Users\shrey\.azure\telemetry\20250505143150250].
2480 : 2025-05-05 14:31:50,700 : INFO : telemetry.records : 1 cache files to upload.
2480 : 2025-05-05 14:31:50,716 : INFO : telemetry.records : Processed file C:\Users\shrey\.azure\telemetry\20250505143150250\cache into 1 records.
2480 : 2025-05-05 14:31:50,732 : INFO : telemetry.records : Remove directory C:\Users\shrey\.azure\telemetry\20250505143150250
2480 : 2025-05-05 14:31:50,881 : INFO : telemetry.client : Accumulated 1 events. Flush the clients.
2480 : 2025-05-05 14:31:50,881 : INFO : telemetry.client : Flush client c4395b75-49cc-422c-bc95-c7d51aef5d46.
2480 : 2025-05-05 14:31:51,751 : INFO : telemetry.sender : Sending 4443 bytes
2480 : 2025-05-05 14:31:51,751 : INFO : telemetry.sender : Finish uploading in 0.870026 seconds.
14752 : 2025-05-05 14:33:41,611 : INFO : telemetry.main : Attempt start. Configuration directory [C:\Users\shrey\.azure]. Cache directory [C:\Users\shrey\.azure\telemetry\20250505143341045].
14752 : 2025-05-05 14:33:41,611 : INFO : telemetry.records : 1 cache files to upload.
14752 : 2025-05-05 14:33:41,625 : INFO : telemetry.records : Processed file C:\Users\shrey\.azure\telemetry\20250505143341045\cache into 1 records.
14752 : 2025-05-05 14:33:41,625 : INFO : telemetry.records : Remove directory C:\Users\shrey\.azure\telemetry\20250505143341045
14752 : 2025-05-05 14:33:41,741 : INFO : telemetry.client : Accumulated 1 events. Flush the clients.
14752 : 2025-05-05 14:33:41,741 : INFO : telemetry.client : Flush client c4395b75-49cc-422c-bc95-c7d51aef5d46.
14752 : 2025-05-05 14:33:42,766 : INFO : telemetry.sender : Sending 4210 bytes
14752 : 2025-05-05 14:33:42,766 : INFO : telemetry.sender : Finish uploading in 1.023211 seconds.
2268 : 2025-05-05 14:35:40,100 : INFO : telemetry.main : Attempt start. Configuration directory [C:\Users\shrey\.azure]. Cache directory [C:\Users\shrey\.azure\telemetry\20250505143539584].
2268 : 2025-05-05 14:35:40,101 : INFO : telemetry.records : 1 cache files to upload.
2268 : 2025-05-05 14:35:40,121 : INFO : telemetry.records : Processed file C:\Users\shrey\.azure\telemetry\20250505143539584\cache into 1 records.
2268 : 2025-05-05 14:35:40,121 : INFO : telemetry.records : Remove directory C:\Users\shrey\.azure\telemetry\20250505143539584
2268 : 2025-05-05 14:35:40,270 : INFO : telemetry.client : Accumulated 1 events. Flush the clients.
2268 : 2025-05-05 14:35:40,270 : INFO : telemetry.client : Flush client c4395b75-49cc-422c-bc95-c7d51aef5d46.
2268 : 2025-05-05 14:35:41,482 : INFO : telemetry.sender : Sending 4361 bytes
2268 : 2025-05-05 14:35:41,482 : INFO : telemetry.sender : Finish uploading in 1.212035 seconds.
14148 : 2025-05-05 14:39:53,307 : INFO : telemetry.main : Attempt start. Configuration directory [C:\Users\shrey\.azure]. Cache directory [C:\Users\shrey\.azure\telemetry\20250505143952940].
14148 : 2025-05-05 14:39:53,308 : INFO : telemetry.records : 1 cache files to upload.
14148 : 2025-05-05 14:39:53,359 : INFO : telemetry.records : Processed file C:\Users\shrey\.azure\telemetry\20250505143952940\cache into 1 records.
14148 : 2025-05-05 14:39:53,359 : INFO : telemetry.records : Remove directory C:\Users\shrey\.azure\telemetry\20250505143952940
14148 : 2025-05-05 14:39:53,534 : INFO : telemetry.client : Accumulated 1 events. Flush the clients.
14148 : 2025-05-05 14:39:53,534 : INFO : telemetry.client : Flush client c4395b75-49cc-422c-bc95-c7d51aef5d46.
14148 : 2025-05-05 14:39:54,636 : INFO : telemetry.sender : Sending 4447 bytes
14148 : 2025-05-05 14:39:54,636 : INFO : telemetry.sender : Finish uploading in 1.102072 seconds.
7816 : 2025-05-05 14:42:01,003 : INFO : telemetry.main : Attempt start. Configuration directory [C:\Users\shrey\.azure]. Cache directory [C:\Users\shrey\.azure\telemetry\20250505144200485].
7816 : 2025-05-05 14:42:01,003 : INFO : telemetry.records : 1 cache files to upload.
7816 : 2025-05-05 14:42:01,041 : INFO : telemetry.records : Processed file C:\Users\shrey\.azure\telemetry\20250505144200485\cache into 1 records.
7816 : 2025-05-05 14:42:01,041 : INFO : telemetry.records : Remove directory C:\Users\shrey\.azure\telemetry\20250505144200485
7816 : 2025-05-05 14:42:01,182 : INFO : telemetry.client : Accumulated 1 events. Flush the clients.
7816 : 2025-05-05 14:42:01,182 : INFO : telemetry.client : Flush client c4395b75-49cc-422c-bc95-c7d51aef5d46.
7816 : 2025-05-05 14:42:02,292 : INFO : telemetry.sender : Sending 4171 bytes
7816 : 2025-05-05 14:42:02,292 : INFO : telemetry.sender : Finish uploading in 1.109846 seconds.
12724 : 2025-05-05 14:42:39,660 : INFO : telemetry.main : Attempt start. Configuration directory [C:\Users\shrey\.azure]. Cache directory [C:\Users\shrey\.azure\telemetry\20250505144239179].
12724 : 2025-05-05 14:42:39,662 : INFO : telemetry.records : 1 cache files to upload.
12724 : 2025-05-05 14:42:39,695 : INFO : telemetry.records : Processed file C:\Users\shrey\.azure\telemetry\20250505144239179\cache into 1 records.
12724 : 2025-05-05 14:42:39,695 : INFO : telemetry.records : Remove directory C:\Users\shrey\.azure\telemetry\20250505144239179
12724 : 2025-05-05 14:42:39,818 : INFO : telemetry.client : Accumulated 1 events. Flush the clients.
12724 : 2025-05-05 14:42:39,818 : INFO : telemetry.client : Flush client c4395b75-49cc-422c-bc95-c7d51aef5d46.
12724 : 2025-05-05 14:42:40,874 : INFO : telemetry.sender : Sending 4221 bytes
12724 : 2025-05-05 14:42:40,874 : INFO : telemetry.sender : Finish uploading in 1.056223 seconds.
13036 : 2025-05-05 14:46:59,744 : INFO : telemetry.main : Attempt start. Configuration directory [C:\Users\shrey\.azure]. Cache directory [C:\Users\shrey\.azure\telemetry\20250505144659131].
13036 : 2025-05-05 14:46:59,744 : INFO : telemetry.records : 1 cache files to upload.
13036 : 2025-05-05 14:46:59,791 : INFO : telemetry.records : Processed file C:\Users\shrey\.azure\telemetry\20250505144659131\cache into 1 records.
13036 : 2025-05-05 14:46:59,791 : INFO : telemetry.records : Remove directory C:\Users\shrey\.azure\telemetry\20250505144659131
13036 : 2025-05-05 14:46:59,932 : INFO : telemetry.client : Accumulated 1 events. Flush the clients.
13036 : 2025-05-05 14:46:59,932 : INFO : telemetry.client : Flush client c4395b75-49cc-422c-bc95-c7d51aef5d46.
13036 : 2025-05-05 14:47:01,080 : INFO : telemetry.sender : Sending 4215 bytes
13036 : 2025-05-05 14:47:01,080 : INFO : telemetry.sender : Finish uploading in 1.147567 seconds.
18040 : 2025-05-05 14:55:34,662 : INFO : telemetry.main : Attempt start. Configuration directory [C:\Users\shrey\.azure]. Cache directory [C:\Users\shrey\.azure\telemetry\20250505145533982].
18040 : 2025-05-05 14:55:34,662 : INFO : telemetry.records : 1 cache files to upload.
18040 : 2025-05-05 14:55:34,695 : INFO : telemetry.records : Processed file C:\Users\shrey\.azure\telemetry\20250505145533982\cache into 1 records.
18040 : 2025-05-05 14:55:34,695 : INFO : telemetry.records : Remove directory C:\Users\shrey\.azure\telemetry\20250505145533982
18040 : 2025-05-05 14:55:35,016 : INFO : telemetry.client : Accumulated 1 events. Flush the clients.
18040 : 2025-05-05 14:55:35,016 : INFO : telemetry.client : Flush client c4395b75-49cc-422c-bc95-c7d51aef5d46.
18040 : 2025-05-05 14:55:36,033 : INFO : telemetry.sender : Sending 4421 bytes
18040 : 2025-05-05 14:55:36,033 : INFO : telemetry.sender : Finish uploading in 1.017704 seconds.
20436 : 2025-05-05 14:56:02,032 : INFO : telemetry.main : Attempt start. Configuration directory [C:\Users\shrey\.azure]. Cache directory [C:\Users\shrey\.azure\telemetry\20250505145601330].
20436 : 2025-05-05 14:56:02,032 : INFO : telemetry.records : 1 cache files to upload.
20436 : 2025-05-05 14:56:02,071 : INFO : telemetry.records : Processed file C:\Users\shrey\.azure\telemetry\20250505145601330\cache into 1 records.
20436 : 2025-05-05 14:56:02,071 : INFO : telemetry.records : Remove directory C:\Users\shrey\.azure\telemetry\20250505145601330
20436 : 2025-05-05 14:56:02,212 : INFO : telemetry.client : Accumulated 1 events. Flush the clients.
20436 : 2025-05-05 14:56:02,212 : INFO : telemetry.client : Flush client c4395b75-49cc-422c-bc95-c7d51aef5d46.
20436 : 2025-05-05 14:56:03,141 : INFO : telemetry.sender : Sending 4177 bytes
20436 : 2025-05-05 14:56:03,141 : INFO : telemetry.sender : Finish uploading in 0.929128 seconds.
